<?xml version="1.0" encoding="UTF-8"?>
<!-- Generated by org.testng.reporters.JUnitReportReporter -->
<testsuite hostname="LAPTOP-PPUC8LJE" failures="0" tests="1" name="runnerClass.RunnerIO" time="10.342" errors="0" timestamp="2024-04-10T14:24:32 IST" skipped="0">
  <testcase classname="runnerClass.RunnerIO" name="runScenario" time="10.342"/>
</testsuite> <!-- runnerClass.RunnerIO -->
