<?xml version="1.0" encoding="UTF-8"?>
<!-- Generated by org.testng.reporters.JUnitReportReporter -->
<testsuite hostname="LAPTOP-PPUC8LJE" failures="0" tests="2" name="runnerClass.newRunnerClass" time="0.109" errors="0" timestamp="2023-12-06T12:59:11 IST" skipped="0">
  <testcase classname="runnerClass.newRunnerClass" name="runScenario" time="0.012"/>
  <testcase classname="runnerClass.newRunnerClass" name="runScenario" time="0.097"/>
</testsuite> <!-- runnerClass.newRunnerClass -->
